<?xml version="1.0" encoding="UTF-8"?>
<!-- Generated by org.testng.reporters.JUnitReportReporter -->
<testsuite hostname="ZSCHN01LP0382" failures="0" tests="1" name="com.zuci.MavenTest.AppTest" time="4.499" errors="0" timestamp="2023-01-16T16:24:32 IST" skipped="0">
  <testcase classname="com.zuci.MavenTest.AppTest" name="testSample" time="4.499"/>
  <system-out/>
</testsuite> <!-- com.zuci.MavenTest.AppTest -->
